<?xml version="1.0" encoding="UTF-8"?>
<testng-results ignored="0" total="2" passed="2" failed="0" skipped="0">
  <reporter-output>
  </reporter-output>
  <suite started-at="2022-01-12T23:37:39 EET" name="Default suite" finished-at="2022-01-12T23:37:51 EET" duration-ms="11398">
    <groups>
    </groups>
    <test started-at="2022-01-12T23:37:39 EET" name="Default test" finished-at="2022-01-12T23:37:51 EET" duration-ms="11398">
      <class name="tests.Tests">
        <test-method is-config="true" signature="startDriver()[pri:0, instance:tests.Tests@7690781]" started-at="2022-01-12T23:37:35 EET" name="startDriver" finished-at="2022-01-12T23:37:39 EET" duration-ms="4497" status="PASS">
          <reporter-output>
          </reporter-output>
        </test-method> <!-- startDriver -->
        <test-method signature="TestOne()[pri:0, instance:tests.Tests@7690781]" started-at="2022-01-12T23:37:39 EET" name="TestOne" finished-at="2022-01-12T23:37:44 EET" duration-ms="4471" status="PASS">
          <reporter-output>
          </reporter-output>
        </test-method> <!-- TestOne -->
        <test-method signature="TestTwo()[pri:0, instance:tests.Tests@7690781]" started-at="2022-01-12T23:37:44 EET" name="TestTwo" finished-at="2022-01-12T23:37:51 EET" duration-ms="6879" status="PASS">
          <reporter-output>
          </reporter-output>
        </test-method> <!-- TestTwo -->
        <test-method is-config="true" signature="EndDriver()[pri:0, instance:tests.Tests@7690781]" started-at="2022-01-12T23:37:51 EET" name="EndDriver" finished-at="2022-01-12T23:37:51 EET" duration-ms="294" status="PASS">
          <reporter-output>
          </reporter-output>
        </test-method> <!-- EndDriver -->
      </class> <!-- tests.Tests -->
    </test> <!-- Default test -->
  </suite> <!-- Default suite -->
</testng-results>
